<?xml version="1.0" encoding="UTF-8"?>
<testng-results skipped="0" failed="1" total="1" passed="0">
  <reporter-output>
  </reporter-output>
  <suite name="Default suite" duration-ms="125158" started-at="2019-01-09T16:11:42Z" finished-at="2019-01-09T16:13:47Z">
    <groups>
    </groups>
    <test name="Default test" duration-ms="125158" started-at="2019-01-09T16:11:42Z" finished-at="2019-01-09T16:13:47Z">
      <class name="apptest.WP_ZeDelivery2019">
        <test-method status="PASS" signature="setUp(java.lang.String)[pri:0, instance:apptest.WP_ZeDelivery2019@67784306]" name="setUp" is-config="true" duration-ms="21702" started-at="2019-01-09T14:11:42Z" finished-at="2019-01-09T14:12:04Z">
          <params>
            <param index="0">
              <value>
                <![CDATA[@os='android']]>
              </value>
            </param>
          </params>
          <reporter-output>
          </reporter-output>
        </test-method> <!-- setUp -->
        <test-method status="FAIL" signature="testedozedelivery()[pri:0, instance:apptest.WP_ZeDelivery2019@67784306]" name="testedozedelivery" duration-ms="95104" started-at="2019-01-09T14:12:04Z" finished-at="2019-01-09T14:13:39Z">
          <exception class="org.openqa.selenium.NoSuchElementException">
            <message>
              <![CDATA[no such element (An element could not be located on the page using the given search parameters (XPATH='//*[@id='addQuantityView']'))  (WARNING: The server did not provide any stacktrace information)
Command duration or timeout: 1.78 seconds
For documentation on this error, please visit: http://seleniumhq.org/exceptions/no_such_element.html
Build info: version: '2.53.1', revision: 'a36b8b1cd5757287168e54b817830adce9b0158d', time: '2016-06-30 19:26:09'
System info: host: 'USPL5VDR0L2', ip: '10.12.73.43', os.name: 'Windows 7', os.arch: 'amd64', os.version: '6.1', java.version: '1.8.0_162'
Driver info: io.appium.java_client.android.AndroidDriver
Capabilities [{device.majorVersion=7, dontGoHomeOnQuit=false, device.os=Android, noReset=false, dontStopAppOnReset=false, reservationDuration=240, reportFormat=xml, fullReset=false, platform=ANY, deviceUDID=ad06160309316a7a49, install.only.for.update=false, desired={deviceQuery=@serialnumber='ad06160309316a7a49', reportDirectory=reports, reportFormat=xml, platformName=Android, testName=wp_TED_ZeDelivery}, device.serialNumber=ad06160309316a7a49, locationServicesAuthorized=false, device.version=7.0, deviceQuery=@serialnumber='ad06160309316a7a49', reportDirectory=reports, autoWebview=false, platformName=Android, udid=ad06160309316a7a49, testName=wp_TED_ZeDelivery, device.screenSize=1080x1920, useKeystore=false, test.type=Mobile, cloudViewLink=http://null/agent-3718032/#/ndcAdXTVbLstqair?1
Picked up Grid Node (seetest_7780)
Reserved Device : Samsung Galaxy S7 A0131, device.manufacture=samsung, instrumentApp=false, appiumVersion=1.8.0, device.category=PHONE, autoDismissAlerts=false, reportUrl=https://reporter.seetest.io/#/test/8518/project/jefferson_s_pecanha@whirlpool.com/, newSessionWaitTimeout=300, keystorePath=~/.android/debug.keystore, waitForDeviceTimeout=120000, device.model=SM-G930F, device.name=Samsung Galaxy S7 A0131, autoGrantPermissions=false, takeScreenshots=true, projectName=, gridNodePort=7780, ehmPrefixUrl=, autoAcceptAlerts=false}]
Session ID: CLOUD-SID:2019-01-09_18-11-48-6c82d6cc-1ad5-4de7-a954-d72c843360df
*** Element info: {Using=xpath, value=//*[@id='addQuantityView']}]]>
            </message>
            <full-stacktrace>
              <![CDATA[org.openqa.selenium.NoSuchElementException: no such element (An element could not be located on the page using the given search parameters (XPATH='//*[@id='addQuantityView']'))  (WARNING: The server did not provide any stacktrace information)
Command duration or timeout: 1.78 seconds
For documentation on this error, please visit: http://seleniumhq.org/exceptions/no_such_element.html
Build info: version: '2.53.1', revision: 'a36b8b1cd5757287168e54b817830adce9b0158d', time: '2016-06-30 19:26:09'
System info: host: 'USPL5VDR0L2', ip: '10.12.73.43', os.name: 'Windows 7', os.arch: 'amd64', os.version: '6.1', java.version: '1.8.0_162'
Driver info: io.appium.java_client.android.AndroidDriver
Capabilities [{device.majorVersion=7, dontGoHomeOnQuit=false, device.os=Android, noReset=false, dontStopAppOnReset=false, reservationDuration=240, reportFormat=xml, fullReset=false, platform=ANY, deviceUDID=ad06160309316a7a49, install.only.for.update=false, desired={deviceQuery=@serialnumber='ad06160309316a7a49', reportDirectory=reports, reportFormat=xml, platformName=Android, testName=wp_TED_ZeDelivery}, device.serialNumber=ad06160309316a7a49, locationServicesAuthorized=false, device.version=7.0, deviceQuery=@serialnumber='ad06160309316a7a49', reportDirectory=reports, autoWebview=false, platformName=Android, udid=ad06160309316a7a49, testName=wp_TED_ZeDelivery, device.screenSize=1080x1920, useKeystore=false, test.type=Mobile, cloudViewLink=http://null/agent-3718032/#/ndcAdXTVbLstqair?1
Picked up Grid Node (seetest_7780)
Reserved Device : Samsung Galaxy S7 A0131, device.manufacture=samsung, instrumentApp=false, appiumVersion=1.8.0, device.category=PHONE, autoDismissAlerts=false, reportUrl=https://reporter.seetest.io/#/test/8518/project/jefferson_s_pecanha@whirlpool.com/, newSessionWaitTimeout=300, keystorePath=~/.android/debug.keystore, waitForDeviceTimeout=120000, device.model=SM-G930F, device.name=Samsung Galaxy S7 A0131, autoGrantPermissions=false, takeScreenshots=true, projectName=, gridNodePort=7780, ehmPrefixUrl=, autoAcceptAlerts=false}]
Session ID: CLOUD-SID:2019-01-09_18-11-48-6c82d6cc-1ad5-4de7-a954-d72c843360df
*** Element info: {Using=xpath, value=//*[@id='addQuantityView']}
	at sun.reflect.NativeConstructorAccessorImpl.newInstance0(Native Method)
	at sun.reflect.NativeConstructorAccessorImpl.newInstance(Unknown Source)
	at sun.reflect.DelegatingConstructorAccessorImpl.newInstance(Unknown Source)
	at java.lang.reflect.Constructor.newInstance(Unknown Source)
	at org.openqa.selenium.remote.ErrorHandler.createThrowable(ErrorHandler.java:206)
	at org.openqa.selenium.remote.ErrorHandler.throwIfResponseFailed(ErrorHandler.java:158)
	at org.openqa.selenium.remote.RemoteWebDriver.execute(RemoteWebDriver.java:678)
	at io.appium.java_client.DefaultGenericMobileDriver.execute(DefaultGenericMobileDriver.java:40)
	at io.appium.java_client.AppiumDriver.execute(AppiumDriver.java:1)
	at io.appium.java_client.android.AndroidDriver.execute(AndroidDriver.java:1)
	at org.openqa.selenium.remote.RemoteWebDriver.findElement(RemoteWebDriver.java:363)
	at io.appium.java_client.DefaultGenericMobileDriver.findElement(DefaultGenericMobileDriver.java:56)
	at io.appium.java_client.AppiumDriver.findElement(AppiumDriver.java:1)
	at io.appium.java_client.android.AndroidDriver.findElement(AndroidDriver.java:1)
	at org.openqa.selenium.remote.RemoteWebDriver.findElementByXPath(RemoteWebDriver.java:500)
	at io.appium.java_client.DefaultGenericMobileDriver.findElementByXPath(DefaultGenericMobileDriver.java:134)
	at io.appium.java_client.AppiumDriver.findElementByXPath(AppiumDriver.java:1)
	at io.appium.java_client.android.AndroidDriver.findElementByXPath(AndroidDriver.java:1)
	at org.openqa.selenium.By$ByXPath.findElement(By.java:361)
	at org.openqa.selenium.remote.RemoteWebDriver.findElement(RemoteWebDriver.java:355)
	at io.appium.java_client.DefaultGenericMobileDriver.findElement(DefaultGenericMobileDriver.java:52)
	at io.appium.java_client.AppiumDriver.findElement(AppiumDriver.java:1)
	at io.appium.java_client.android.AndroidDriver.findElement(AndroidDriver.java:1)
	at apptest.WP_ZeDelivery2019.testedozedelivery(WP_ZeDelivery2019.java:70)
	at sun.reflect.NativeMethodAccessorImpl.invoke0(Native Method)
	at sun.reflect.NativeMethodAccessorImpl.invoke(Unknown Source)
	at sun.reflect.DelegatingMethodAccessorImpl.invoke(Unknown Source)
	at java.lang.reflect.Method.invoke(Unknown Source)
	at org.testng.internal.MethodInvocationHelper.invokeMethod(MethodInvocationHelper.java:85)
	at org.testng.internal.Invoker.invokeMethod(Invoker.java:639)
	at org.testng.internal.Invoker.invokeTestMethod(Invoker.java:816)
	at org.testng.internal.Invoker.invokeTestMethods(Invoker.java:1124)
	at org.testng.internal.TestMethodWorker.invokeTestMethods(TestMethodWorker.java:125)
	at org.testng.internal.TestMethodWorker.run(TestMethodWorker.java:108)
	at org.testng.TestRunner.privateRun(TestRunner.java:774)
	at org.testng.TestRunner.run(TestRunner.java:624)
	at org.testng.SuiteRunner.runTest(SuiteRunner.java:359)
	at org.testng.SuiteRunner.runSequentially(SuiteRunner.java:354)
	at org.testng.SuiteRunner.privateRun(SuiteRunner.java:312)
	at org.testng.SuiteRunner.run(SuiteRunner.java:261)
	at org.testng.SuiteRunnerWorker.runSuite(SuiteRunnerWorker.java:52)
	at org.testng.SuiteRunnerWorker.run(SuiteRunnerWorker.java:86)
	at org.testng.TestNG.runSuitesSequentially(TestNG.java:1215)
	at org.testng.TestNG.runSuitesLocally(TestNG.java:1140)
	at org.testng.TestNG.run(TestNG.java:1048)
	at org.testng.remote.AbstractRemoteTestNG.run(AbstractRemoteTestNG.java:114)
	at org.testng.remote.RemoteTestNG.initAndRun(RemoteTestNG.java:251)
	at org.testng.remote.RemoteTestNG.main(RemoteTestNG.java:77)
]]>
            </full-stacktrace>
          </exception> <!-- org.openqa.selenium.NoSuchElementException -->
          <reporter-output>
          </reporter-output>
        </test-method> <!-- testedozedelivery -->
        <test-method status="PASS" signature="tearDown(org.testng.ITestResult)[pri:0, instance:apptest.WP_ZeDelivery2019@67784306]" name="tearDown" is-config="true" duration-ms="8298" started-at="2019-01-09T14:13:39Z" finished-at="2019-01-09T14:13:47Z">
          <params>
            <param index="0">
              <value>
                <![CDATA[[TestResult name=testedozedelivery status=FAILURE method=WP_ZeDelivery2019.testedozedelivery()[pri:0, instance:apptest.WP_ZeDelivery2019@67784306] output={null}]]]>
              </value>
            </param>
          </params>
          <reporter-output>
          </reporter-output>
        </test-method> <!-- tearDown -->
      </class> <!-- apptest.WP_ZeDelivery2019 -->
    </test> <!-- Default test -->
  </suite> <!-- Default suite -->
</testng-results>
